feedback.html     http://outreach.vlabs.ac.in/
index.html     http://outreach.vlabs.ac.in/
objective.html     http://outreach.vlabs.ac.in/
performance-report.html     http://vlab.co.in
posttest.html     http://outreach.vlabs.ac.in/
pretest.html     http://outreach.vlabs.ac.in/
procedure.html     http://outreach.vlabs.ac.in/
references.html     http://outreach.vlabs.ac.in/
theory.html     http://outreach.vlabs.ac.in/
validator-report.html     http://vlab.co.in
simulation/exp1/Objective.html     http://vlab.co.in/index.html
simulation/exp1/Objective.html     http://vlab.co.in/
simulation/exp1/Objective.html     http://vlab.co.in/participating-institutes
simulation/exp1/Objective.html     http://vlab.co.in/contact-us
simulation/exp1/Objective.html     http://www.sakshat.ac.in/
simulation/exp1/Objective.html     http://outreach.vlabs.ac.in/
simulation/exp1/Objective.html     http://vlab.co.in/faq
simulation/exp1/Quiz.html     http://vlab.co.in/
simulation/exp1/Quiz.html     http://vlab.co.in/index.html
simulation/exp1/Quiz.html     http://vlab.co.in/participating-institutes
simulation/exp1/Quiz.html     http://vlab.co.in/contact-us
simulation/exp1/Quiz.html     http://www.sakshat.ac.in/
simulation/exp1/Quiz.html     http://vlab.co.in/faq
simulation/exp1/Quiz.html     http://outreach.vlabs.ac.in/
simulation/exp1/Theory.html     http://vlab.co.in/index.html
simulation/exp1/Theory.html     http://vlab.co.in/participating-institutes
simulation/exp1/Theory.html     http://vlab.co.in/
simulation/exp1/Theory.html     http://vlab.co.in/contact-us
simulation/exp1/Theory.html     http://www.sakshat.ac.in/
simulation/exp1/Theory.html     http://outreach.vlabs.ac.in/
simulation/exp1/Theory.html     http://vlab.co.in/faq
